2025-05-04 11:59:52,290 - colour_matcher_logger - INFO - Finding closest color for RGB: (132, 204, 236)
2025-05-04 11:59:52,290 - colour_matcher_logger - INFO - Matched closest colour name: Grey
2025-05-04 11:59:52,290 - colour_matcher_logger - INFO - Scraping LoveCrafts page 1: https://www.lovecrafts.com/en-gb/l/yarns?filter-colorGroup=Grey
2025-05-04 11:59:52,704 - colour_matcher_logger - INFO - Scraping LoveCrafts page 2: https://www.lovecrafts.com/en-gb/l/yarns?filter-colorGroup=Grey&page=2
2025-05-04 11:59:53,818 - colour_matcher_logger - INFO - Scraping LoveCrafts page 3: https://www.lovecrafts.com/en-gb/l/yarns?filter-colorGroup=Grey&page=3
2025-05-04 11:59:54,220 - colour_matcher_logger - INFO - Scraping LoveCrafts page 4: https://www.lovecrafts.com/en-gb/l/yarns?filter-colorGroup=Grey&page=4
2025-05-04 11:59:55,533 - colour_matcher_logger - INFO - Scraping LoveCrafts page 5: https://www.lovecrafts.com/en-gb/l/yarns?filter-colorGroup=Grey&page=5
2025-05-04 11:59:56,919 - colour_matcher_logger - INFO - Scraping LoveCrafts page 6: https://www.lovecrafts.com/en-gb/l/yarns?filter-colorGroup=Grey&page=6
2025-05-04 11:59:58,095 - colour_matcher_logger - INFO - Scraping LoveCrafts page 7: https://www.lovecrafts.com/en-gb/l/yarns?filter-colorGroup=Grey&page=7
2025-05-04 11:59:59,769 - colour_matcher_logger - INFO - Scraping LoveCrafts page 8: https://www.lovecrafts.com/en-gb/l/yarns?filter-colorGroup=Grey&page=8
2025-05-04 12:00:00,226 - colour_matcher_logger - INFO - Scraping LoveCrafts page 9: https://www.lovecrafts.com/en-gb/l/yarns?filter-colorGroup=Grey&page=9
2025-05-04 12:00:01,408 - colour_matcher_logger - INFO - Scraping LoveCrafts page 10: https://www.lovecrafts.com/en-gb/l/yarns?filter-colorGroup=Grey&page=10
2025-05-04 12:03:44,363 - colour_matcher_logger - INFO - Scraping WoolWarehouse page 1: https://www.woolwarehouse.co.uk/yarn?colour_name=2011
2025-05-04 12:03:45,620 - colour_matcher_logger - INFO - Scraping WoolWarehouse page 2: https://www.woolwarehouse.co.uk/yarn?colour_name=2011&p=2
2025-05-04 12:03:47,094 - colour_matcher_logger - INFO - Scraping WoolWarehouse page 3: https://www.woolwarehouse.co.uk/yarn?colour_name=2011&p=3
2025-05-04 12:03:47,983 - colour_matcher_logger - INFO - Scraping WoolWarehouse page 4: https://www.woolwarehouse.co.uk/yarn?colour_name=2011&p=4
2025-05-04 12:03:49,012 - colour_matcher_logger - INFO - Scraping WoolWarehouse page 5: https://www.woolwarehouse.co.uk/yarn?colour_name=2011&p=5
2025-05-04 12:03:50,500 - colour_matcher_logger - INFO - Scraping WoolWarehouse page 6: https://www.woolwarehouse.co.uk/yarn?colour_name=2011&p=6
2025-05-04 12:03:51,487 - colour_matcher_logger - INFO - Scraping WoolWarehouse page 7: https://www.woolwarehouse.co.uk/yarn?colour_name=2011&p=7
2025-05-04 12:03:52,958 - colour_matcher_logger - INFO - Scraping WoolWarehouse page 8: https://www.woolwarehouse.co.uk/yarn?colour_name=2011&p=8
2025-05-04 12:03:54,571 - colour_matcher_logger - INFO - Scraping WoolWarehouse page 9: https://www.woolwarehouse.co.uk/yarn?colour_name=2011&p=9
2025-05-04 12:03:56,144 - colour_matcher_logger - INFO - Scraping WoolWarehouse page 10: https://www.woolwarehouse.co.uk/yarn?colour_name=2011&p=10
2025-05-04 12:03:58,944 - colour_matcher_logger - ERROR - Failed to get dominant color from /media/newicons/newicon.png: Invalid URL '/media/newicons/newicon.png': No scheme supplied. Perhaps you meant https:///media/newicons/newicon.png?
2025-05-04 12:03:59,063 - colour_matcher_logger - ERROR - Failed to get dominant color from /media/newicons/newicon.png: Invalid URL '/media/newicons/newicon.png': No scheme supplied. Perhaps you meant https:///media/newicons/newicon.png?
2025-05-04 12:03:59,180 - colour_matcher_logger - ERROR - Failed to get dominant color from /media/newicons/newicon.png: Invalid URL '/media/newicons/newicon.png': No scheme supplied. Perhaps you meant https:///media/newicons/newicon.png?
2025-05-04 12:03:59,208 - colour_matcher_logger - ERROR - Failed to get dominant color from /media/newicons/newicon.png: Invalid URL '/media/newicons/newicon.png': No scheme supplied. Perhaps you meant https:///media/newicons/newicon.png?
2025-05-04 12:04:00,637 - colour_matcher_logger - ERROR - Failed to get dominant color from /media/newicons/newicon.png: Invalid URL '/media/newicons/newicon.png': No scheme supplied. Perhaps you meant https:///media/newicons/newicon.png?
2025-05-04 12:04:09,231 - colour_matcher_logger - ERROR - Failed to get dominant color from /media/newicons/newicon.png: Invalid URL '/media/newicons/newicon.png': No scheme supplied. Perhaps you meant https:///media/newicons/newicon.png?
2025-05-04 12:04:14,527 - colour_matcher_logger - ERROR - Failed to get dominant color from /media/newicons/newicon.png: Invalid URL '/media/newicons/newicon.png': No scheme supplied. Perhaps you meant https:///media/newicons/newicon.png?
2025-05-04 12:04:22,187 - colour_matcher_logger - ERROR - Failed to get dominant color from /media/newicons/newicon.png: Invalid URL '/media/newicons/newicon.png': No scheme supplied. Perhaps you meant https:///media/newicons/newicon.png?
2025-05-04 12:04:22,301 - colour_matcher_logger - ERROR - Failed to get dominant color from /media/newicons/newicon.png: Invalid URL '/media/newicons/newicon.png': No scheme supplied. Perhaps you meant https:///media/newicons/newicon.png?
2025-05-04 12:04:24,332 - colour_matcher_logger - ERROR - Failed to get dominant color from /media/newicons/newicon.png: Invalid URL '/media/newicons/newicon.png': No scheme supplied. Perhaps you meant https:///media/newicons/newicon.png?
2025-05-04 12:04:32,009 - colour_matcher_logger - ERROR - Failed to get dominant color from /media/newicons/newicon.png: Invalid URL '/media/newicons/newicon.png': No scheme supplied. Perhaps you meant https:///media/newicons/newicon.png?
2025-05-04 12:04:43,398 - colour_matcher_logger - INFO - Total yarns scraped: 789
2025-05-04 12:04:43,400 - colour_matcher_logger - INFO - Finding closest color for RGB: (132, 204, 236)
2025-05-05 17:51:44,169 - colour_matcher_logger - INFO - Image uploaded: images_1.png
2025-05-05 17:54:33,495 - colour_matcher_logger - INFO - Image uploaded: images_1.png
2025-05-05 17:54:33,500 - colour_matcher_logger - ERROR - Failed to get dominant color from images/uploads/images_1.png: seek of closed file
2025-05-05 17:54:33,501 - colour_matcher_logger - INFO - Extracted RGB: None
2025-05-05 17:54:33,501 - colour_matcher_logger - ERROR - Invalid RGB input received for matching.
2025-05-05 17:54:54,745 - colour_matcher_logger - INFO - Image uploaded: images_1.png
2025-05-05 17:54:54,746 - colour_matcher_logger - ERROR - Failed to get dominant color from images/uploads/images_1.png: seek of closed file
2025-05-05 17:54:54,747 - colour_matcher_logger - INFO - Extracted RGB: None
2025-05-05 17:54:54,747 - colour_matcher_logger - ERROR - Invalid RGB input received for matching.
2025-05-05 17:55:25,444 - colour_matcher_logger - INFO - Image uploaded: images_2.jpeg
2025-05-05 17:55:25,444 - colour_matcher_logger - ERROR - Failed to get dominant color from images/uploads/images_2.jpeg: seek of closed file
2025-05-05 17:55:25,444 - colour_matcher_logger - INFO - Extracted RGB: None
2025-05-05 17:55:25,444 - colour_matcher_logger - ERROR - Invalid RGB input received for matching.
2025-05-05 17:56:00,654 - colour_matcher_logger - INFO - Image uploaded: Screenshot_2023-09-10_at_17.31.31.png
2025-05-05 17:56:00,654 - colour_matcher_logger - ERROR - Failed to get dominant color from images/uploads/Screenshot_2023-09-10_at_17.31.31.png: seek of closed file
2025-05-05 17:56:00,654 - colour_matcher_logger - INFO - Extracted RGB: None
2025-05-05 17:56:00,655 - colour_matcher_logger - ERROR - Invalid RGB input received for matching.
2025-05-05 17:59:36,734 - colour_matcher_logger - INFO - Image uploaded: images_1.png
2025-05-05 17:59:37,068 - colour_matcher_logger - INFO - Extracted RGB: (108, 76, 60)
2025-05-05 17:59:37,069 - colour_matcher_logger - INFO - Finding closest color for RGB: (108, 76, 60)
2025-05-05 17:59:37,069 - colour_matcher_logger - INFO - Matched closest colour name: Brown
2025-05-05 17:59:37,069 - colour_matcher_logger - INFO - Scraping LoveCrafts page 1: https://www.lovecrafts.com/en-gb/l/yarns?filter-colorGroup=Brown
2025-05-05 17:59:38,159 - colour_matcher_logger - INFO - Scraping LoveCrafts page 2: https://www.lovecrafts.com/en-gb/l/yarns?filter-colorGroup=Brown&page=2
2025-05-05 17:59:39,622 - colour_matcher_logger - INFO - Scraping LoveCrafts page 3: https://www.lovecrafts.com/en-gb/l/yarns?filter-colorGroup=Brown&page=3
2025-05-05 17:59:40,700 - colour_matcher_logger - INFO - Scraping LoveCrafts page 4: https://www.lovecrafts.com/en-gb/l/yarns?filter-colorGroup=Brown&page=4
2025-05-05 17:59:42,271 - colour_matcher_logger - INFO - Scraping LoveCrafts page 5: https://www.lovecrafts.com/en-gb/l/yarns?filter-colorGroup=Brown&page=5
2025-05-05 17:59:43,851 - colour_matcher_logger - INFO - Scraping LoveCrafts page 6: https://www.lovecrafts.com/en-gb/l/yarns?filter-colorGroup=Brown&page=6
2025-05-05 17:59:45,467 - colour_matcher_logger - INFO - Scraping LoveCrafts page 7: https://www.lovecrafts.com/en-gb/l/yarns?filter-colorGroup=Brown&page=7
2025-05-05 17:59:46,532 - colour_matcher_logger - INFO - Scraping LoveCrafts page 8: https://www.lovecrafts.com/en-gb/l/yarns?filter-colorGroup=Brown&page=8
2025-05-05 17:59:48,662 - colour_matcher_logger - INFO - Scraping LoveCrafts page 9: https://www.lovecrafts.com/en-gb/l/yarns?filter-colorGroup=Brown&page=9
2025-05-05 17:59:49,682 - colour_matcher_logger - INFO - Scraping LoveCrafts page 10: https://www.lovecrafts.com/en-gb/l/yarns?filter-colorGroup=Brown&page=10
2025-05-05 18:03:19,981 - colour_matcher_logger - INFO - Scraping WoolWarehouse page 1: https://www.woolwarehouse.co.uk/yarn?colour_name=2012
2025-05-05 18:03:21,163 - colour_matcher_logger - INFO - Scraping WoolWarehouse page 2: https://www.woolwarehouse.co.uk/yarn?colour_name=2012&p=2
2025-05-05 18:03:22,070 - colour_matcher_logger - INFO - Scraping WoolWarehouse page 3: https://www.woolwarehouse.co.uk/yarn?colour_name=2012&p=3
2025-05-05 18:03:23,152 - colour_matcher_logger - INFO - Scraping WoolWarehouse page 4: https://www.woolwarehouse.co.uk/yarn?colour_name=2012&p=4
2025-05-05 18:03:24,223 - colour_matcher_logger - INFO - Scraping WoolWarehouse page 5: https://www.woolwarehouse.co.uk/yarn?colour_name=2012&p=5
2025-05-05 18:03:25,419 - colour_matcher_logger - INFO - Scraping WoolWarehouse page 6: https://www.woolwarehouse.co.uk/yarn?colour_name=2012&p=6
2025-05-05 18:03:26,626 - colour_matcher_logger - INFO - Scraping WoolWarehouse page 7: https://www.woolwarehouse.co.uk/yarn?colour_name=2012&p=7
2025-05-05 18:03:28,070 - colour_matcher_logger - INFO - Scraping WoolWarehouse page 8: https://www.woolwarehouse.co.uk/yarn?colour_name=2012&p=8
2025-05-05 18:03:29,347 - colour_matcher_logger - INFO - Scraping WoolWarehouse page 9: https://www.woolwarehouse.co.uk/yarn?colour_name=2012&p=9
2025-05-05 18:03:30,743 - colour_matcher_logger - INFO - Scraping WoolWarehouse page 10: https://www.woolwarehouse.co.uk/yarn?colour_name=2012&p=10
2025-05-05 18:03:36,332 - colour_matcher_logger - ERROR - Failed to fetch image from URL https://media/newicons/newicon.png: HTTPSConnectionPool(host='media', port=443): Max retries exceeded with url: /newicons/newicon.png (Caused by NameResolutionError("<urllib3.connection.HTTPSConnection object at 0x10bb7be60>: Failed to resolve 'media' ([Errno 8] nodename nor servname provided, or not known)"))
2025-05-05 18:03:36,518 - colour_matcher_logger - ERROR - Failed to fetch image from URL https://media/newicons/newicon.png: HTTPSConnectionPool(host='media', port=443): Max retries exceeded with url: /newicons/newicon.png (Caused by NameResolutionError("<urllib3.connection.HTTPSConnection object at 0x10cd2d820>: Failed to resolve 'media' ([Errno 8] nodename nor servname provided, or not known)"))
2025-05-05 18:03:36,596 - colour_matcher_logger - ERROR - Failed to fetch image from URL https://media/newicons/newicon.png: HTTPSConnectionPool(host='media', port=443): Max retries exceeded with url: /newicons/newicon.png (Caused by NameResolutionError("<urllib3.connection.HTTPSConnection object at 0x10cd2e7b0>: Failed to resolve 'media' ([Errno 8] nodename nor servname provided, or not known)"))
2025-05-05 18:03:36,849 - colour_matcher_logger - ERROR - Failed to fetch image from URL https://media/newicons/newicon.png: HTTPSConnectionPool(host='media', port=443): Max retries exceeded with url: /newicons/newicon.png (Caused by NameResolutionError("<urllib3.connection.HTTPSConnection object at 0x10cd2c5c0>: Failed to resolve 'media' ([Errno 8] nodename nor servname provided, or not known)"))
2025-05-05 18:03:37,257 - colour_matcher_logger - ERROR - Failed to fetch image from URL https://media/newicons/newicon.png: HTTPSConnectionPool(host='media', port=443): Max retries exceeded with url: /newicons/newicon.png (Caused by NameResolutionError("<urllib3.connection.HTTPSConnection object at 0x10b89c230>: Failed to resolve 'media' ([Errno 8] nodename nor servname provided, or not known)"))
2025-05-05 18:03:37,315 - colour_matcher_logger - ERROR - Failed to fetch image from URL https://media/newicons/newicon.png: HTTPSConnectionPool(host='media', port=443): Max retries exceeded with url: /newicons/newicon.png (Caused by NameResolutionError("<urllib3.connection.HTTPSConnection object at 0x10cd2e2a0>: Failed to resolve 'media' ([Errno 8] nodename nor servname provided, or not known)"))
2025-05-05 18:03:37,327 - colour_matcher_logger - ERROR - Failed to fetch image from URL https://media/newicons/newicon.png: HTTPSConnectionPool(host='media', port=443): Max retries exceeded with url: /newicons/newicon.png (Caused by NameResolutionError("<urllib3.connection.HTTPSConnection object at 0x10be95a00>: Failed to resolve 'media' ([Errno 8] nodename nor servname provided, or not known)"))
2025-05-05 18:03:45,381 - colour_matcher_logger - ERROR - Failed to fetch image from URL https://media/newicons/newicon.png: HTTPSConnectionPool(host='media', port=443): Max retries exceeded with url: /newicons/newicon.png (Caused by NameResolutionError("<urllib3.connection.HTTPSConnection object at 0x10cd2dd60>: Failed to resolve 'media' ([Errno 8] nodename nor servname provided, or not known)"))
2025-05-05 18:03:48,316 - colour_matcher_logger - ERROR - Failed to fetch image from URL https://media/newicons/newicon.png: HTTPSConnectionPool(host='media', port=443): Max retries exceeded with url: /newicons/newicon.png (Caused by NameResolutionError("<urllib3.connection.HTTPSConnection object at 0x10cd2d760>: Failed to resolve 'media' ([Errno 8] nodename nor servname provided, or not known)"))
2025-05-05 18:03:56,765 - colour_matcher_logger - ERROR - Failed to fetch image from URL https://media/newicons/newicon.png: HTTPSConnectionPool(host='media', port=443): Max retries exceeded with url: /newicons/newicon.png (Caused by NameResolutionError("<urllib3.connection.HTTPSConnection object at 0x10c7d3920>: Failed to resolve 'media' ([Errno 8] nodename nor servname provided, or not known)"))
2025-05-05 18:03:56,925 - colour_matcher_logger - ERROR - Failed to fetch image from URL https://media/newicons/newicon.png: HTTPSConnectionPool(host='media', port=443): Max retries exceeded with url: /newicons/newicon.png (Caused by NameResolutionError("<urllib3.connection.HTTPSConnection object at 0x10bf01bb0>: Failed to resolve 'media' ([Errno 8] nodename nor servname provided, or not known)"))
2025-05-05 18:03:57,236 - colour_matcher_logger - ERROR - Failed to fetch image from URL https://media/newicons/newicon.png: HTTPSConnectionPool(host='media', port=443): Max retries exceeded with url: /newicons/newicon.png (Caused by NameResolutionError("<urllib3.connection.HTTPSConnection object at 0x10c7d3b90>: Failed to resolve 'media' ([Errno 8] nodename nor servname provided, or not known)"))
2025-05-05 18:03:57,534 - colour_matcher_logger - ERROR - Failed to fetch image from URL https://media/newicons/newicon.png: HTTPSConnectionPool(host='media', port=443): Max retries exceeded with url: /newicons/newicon.png (Caused by NameResolutionError("<urllib3.connection.HTTPSConnection object at 0x10cd2e900>: Failed to resolve 'media' ([Errno 8] nodename nor servname provided, or not known)"))
2025-05-05 18:04:09,714 - colour_matcher_logger - INFO - Total yarns scraped: 709
2025-05-05 18:04:09,716 - colour_matcher_logger - INFO - Finding closest color for RGB: (108, 76, 60)
2025-05-05 18:07:08,845 - colour_matcher_logger - INFO - Image uploaded: images_2.jpeg
2025-05-05 18:07:09,516 - colour_matcher_logger - INFO - Extracted RGB: (156, 196, 12)
2025-05-05 18:07:09,517 - colour_matcher_logger - INFO - Finding closest color for RGB: (156, 196, 12)
2025-05-05 18:07:09,517 - colour_matcher_logger - INFO - Matched closest colour name: Orange
2025-05-05 18:07:09,517 - colour_matcher_logger - INFO - Scraping LoveCrafts page 1: https://www.lovecrafts.com/en-gb/l/yarns?filter-colorGroup=Orange
2025-05-05 18:07:10,952 - colour_matcher_logger - INFO - Scraping LoveCrafts page 2: https://www.lovecrafts.com/en-gb/l/yarns?filter-colorGroup=Orange&page=2
2025-05-05 18:07:12,603 - colour_matcher_logger - INFO - Scraping LoveCrafts page 3: https://www.lovecrafts.com/en-gb/l/yarns?filter-colorGroup=Orange&page=3
2025-05-05 18:07:15,258 - colour_matcher_logger - INFO - Scraping LoveCrafts page 4: https://www.lovecrafts.com/en-gb/l/yarns?filter-colorGroup=Orange&page=4
2025-05-05 18:07:16,865 - colour_matcher_logger - INFO - Scraping LoveCrafts page 5: https://www.lovecrafts.com/en-gb/l/yarns?filter-colorGroup=Orange&page=5
2025-05-05 18:07:19,048 - colour_matcher_logger - INFO - Scraping LoveCrafts page 6: https://www.lovecrafts.com/en-gb/l/yarns?filter-colorGroup=Orange&page=6
2025-05-05 18:07:20,221 - colour_matcher_logger - INFO - Scraping LoveCrafts page 7: https://www.lovecrafts.com/en-gb/l/yarns?filter-colorGroup=Orange&page=7
2025-05-05 18:07:21,357 - colour_matcher_logger - INFO - Scraping LoveCrafts page 8: https://www.lovecrafts.com/en-gb/l/yarns?filter-colorGroup=Orange&page=8
2025-05-05 18:09:40,578 - colour_matcher_logger - INFO - Scraping WoolWarehouse page 1: https://www.woolwarehouse.co.uk/yarn?colour_name=2001
2025-05-05 18:09:41,765 - colour_matcher_logger - INFO - Scraping WoolWarehouse page 2: https://www.woolwarehouse.co.uk/yarn?colour_name=2001&p=2
2025-05-05 18:09:43,350 - colour_matcher_logger - INFO - Scraping WoolWarehouse page 3: https://www.woolwarehouse.co.uk/yarn?colour_name=2001&p=3
2025-05-05 18:09:44,760 - colour_matcher_logger - INFO - Scraping WoolWarehouse page 4: https://www.woolwarehouse.co.uk/yarn?colour_name=2001&p=4
2025-05-05 18:09:46,180 - colour_matcher_logger - INFO - Scraping WoolWarehouse page 5: https://www.woolwarehouse.co.uk/yarn?colour_name=2001&p=5
2025-05-05 18:09:47,098 - colour_matcher_logger - INFO - Scraping WoolWarehouse page 6: https://www.woolwarehouse.co.uk/yarn?colour_name=2001&p=6
2025-05-05 18:09:48,158 - colour_matcher_logger - INFO - Scraping WoolWarehouse page 7: https://www.woolwarehouse.co.uk/yarn?colour_name=2001&p=7
2025-05-05 18:09:49,586 - colour_matcher_logger - INFO - Scraping WoolWarehouse page 8: https://www.woolwarehouse.co.uk/yarn?colour_name=2001&p=8
2025-05-05 18:09:50,651 - colour_matcher_logger - INFO - Scraping WoolWarehouse page 9: https://www.woolwarehouse.co.uk/yarn?colour_name=2001&p=9
2025-05-05 18:09:52,075 - colour_matcher_logger - INFO - Scraping WoolWarehouse page 10: https://www.woolwarehouse.co.uk/yarn?colour_name=2001&p=10
2025-05-05 18:09:56,195 - colour_matcher_logger - ERROR - Failed to fetch image from URL https://media/newicons/newicon.png: HTTPSConnectionPool(host='media', port=443): Max retries exceeded with url: /newicons/newicon.png (Caused by NameResolutionError("<urllib3.connection.HTTPSConnection object at 0x10cd2e6c0>: Failed to resolve 'media' ([Errno 8] nodename nor servname provided, or not known)"))
2025-05-05 18:09:56,196 - colour_matcher_logger - ERROR - Failed to fetch image from URL https://media/newicons/newicon.png: HTTPSConnectionPool(host='media', port=443): Max retries exceeded with url: /newicons/newicon.png (Caused by NameResolutionError("<urllib3.connection.HTTPSConnection object at 0x10c1b7740>: Failed to resolve 'media' ([Errno 8] nodename nor servname provided, or not known)"))
2025-05-05 18:09:59,409 - colour_matcher_logger - ERROR - Failed to fetch image from URL https://media/newicons/newicon.png: HTTPSConnectionPool(host='media', port=443): Max retries exceeded with url: /newicons/newicon.png (Caused by NameResolutionError("<urllib3.connection.HTTPSConnection object at 0x10c1b5580>: Failed to resolve 'media' ([Errno 8] nodename nor servname provided, or not known)"))
2025-05-05 18:09:59,669 - colour_matcher_logger - ERROR - Failed to fetch image from URL https://media/newicons/newicon.png: HTTPSConnectionPool(host='media', port=443): Max retries exceeded with url: /newicons/newicon.png (Caused by NameResolutionError("<urllib3.connection.HTTPSConnection object at 0x1095c1550>: Failed to resolve 'media' ([Errno 8] nodename nor servname provided, or not known)"))
2025-05-05 18:09:59,697 - colour_matcher_logger - ERROR - Failed to fetch image from URL https://media/newicons/newicon.png: HTTPSConnectionPool(host='media', port=443): Max retries exceeded with url: /newicons/newicon.png (Caused by NameResolutionError("<urllib3.connection.HTTPSConnection object at 0x10c1b72c0>: Failed to resolve 'media' ([Errno 8] nodename nor servname provided, or not known)"))
2025-05-05 18:09:59,851 - colour_matcher_logger - ERROR - Failed to fetch image from URL https://media/newicons/newicon.png: HTTPSConnectionPool(host='media', port=443): Max retries exceeded with url: /newicons/newicon.png (Caused by NameResolutionError("<urllib3.connection.HTTPSConnection object at 0x10c1b7890>: Failed to resolve 'media' ([Errno 8] nodename nor servname provided, or not known)"))
2025-05-05 18:10:05,693 - colour_matcher_logger - ERROR - Failed to fetch image from URL https://media/newicons/newicon.png: HTTPSConnectionPool(host='media', port=443): Max retries exceeded with url: /newicons/newicon.png (Caused by NameResolutionError("<urllib3.connection.HTTPSConnection object at 0x10ba1d4c0>: Failed to resolve 'media' ([Errno 8] nodename nor servname provided, or not known)"))
2025-05-05 18:10:06,039 - colour_matcher_logger - ERROR - Failed to fetch image from URL https://media/newicons/newicon.png: HTTPSConnectionPool(host='media', port=443): Max retries exceeded with url: /newicons/newicon.png (Caused by NameResolutionError("<urllib3.connection.HTTPSConnection object at 0x10ba1f800>: Failed to resolve 'media' ([Errno 8] nodename nor servname provided, or not known)"))
2025-05-05 18:10:08,041 - colour_matcher_logger - ERROR - Failed to fetch image from URL https://media/newicons/newicon.png: HTTPSConnectionPool(host='media', port=443): Max retries exceeded with url: /newicons/newicon.png (Caused by NameResolutionError("<urllib3.connection.HTTPSConnection object at 0x10c015430>: Failed to resolve 'media' ([Errno 8] nodename nor servname provided, or not known)"))
2025-05-05 18:10:09,675 - colour_matcher_logger - ERROR - Failed to fetch image from URL https://media/newicons/newicon.png: HTTPSConnectionPool(host='media', port=443): Max retries exceeded with url: /newicons/newicon.png (Caused by NameResolutionError("<urllib3.connection.HTTPSConnection object at 0x10c0145f0>: Failed to resolve 'media' ([Errno 8] nodename nor servname provided, or not known)"))
2025-05-05 18:10:14,103 - colour_matcher_logger - ERROR - Failed to fetch image from URL https://media/newicons/newicon.png: HTTPSConnectionPool(host='media', port=443): Max retries exceeded with url: /newicons/newicon.png (Caused by NameResolutionError("<urllib3.connection.HTTPSConnection object at 0x10c016ba0>: Failed to resolve 'media' ([Errno 8] nodename nor servname provided, or not known)"))
2025-05-05 18:10:32,291 - colour_matcher_logger - ERROR - Failed to fetch image from URL https://media/newicons/newicon.png: HTTPSConnectionPool(host='media', port=443): Max retries exceeded with url: /newicons/newicon.png (Caused by NameResolutionError("<urllib3.connection.HTTPSConnection object at 0x10c0172f0>: Failed to resolve 'media' ([Errno 8] nodename nor servname provided, or not known)"))
2025-05-05 18:10:32,469 - colour_matcher_logger - ERROR - Failed to fetch image from URL https://media/newicons/newicon.png: HTTPSConnectionPool(host='media', port=443): Max retries exceeded with url: /newicons/newicon.png (Caused by NameResolutionError("<urllib3.connection.HTTPSConnection object at 0x10c428f80>: Failed to resolve 'media' ([Errno 8] nodename nor servname provided, or not known)"))
2025-05-05 18:10:33,564 - colour_matcher_logger - INFO - Total yarns scraped: 618
2025-05-05 18:10:33,564 - colour_matcher_logger - INFO - Finding closest color for RGB: (156, 196, 12)
2025-05-05 18:13:03,422 - colour_matcher_logger - INFO - Image uploaded: images_3.jpeg
2025-05-05 18:13:04,097 - colour_matcher_logger - INFO - Extracted RGB: (251, 25, 4)
2025-05-05 18:13:04,097 - colour_matcher_logger - INFO - Finding closest color for RGB: (251, 25, 4)
2025-05-05 18:13:04,097 - colour_matcher_logger - INFO - Matched closest colour name: Red
2025-05-05 18:13:04,097 - colour_matcher_logger - INFO - Scraping LoveCrafts page 1: https://www.lovecrafts.com/en-gb/l/yarns?filter-colorGroup=Red
2025-05-05 18:13:05,590 - colour_matcher_logger - INFO - Scraping LoveCrafts page 2: https://www.lovecrafts.com/en-gb/l/yarns?filter-colorGroup=Red&page=2
2025-05-05 18:13:06,700 - colour_matcher_logger - INFO - Scraping LoveCrafts page 3: https://www.lovecrafts.com/en-gb/l/yarns?filter-colorGroup=Red&page=3
2025-05-05 18:13:07,995 - colour_matcher_logger - INFO - Scraping LoveCrafts page 4: https://www.lovecrafts.com/en-gb/l/yarns?filter-colorGroup=Red&page=4
2025-05-05 18:13:10,535 - colour_matcher_logger - INFO - Scraping LoveCrafts page 5: https://www.lovecrafts.com/en-gb/l/yarns?filter-colorGroup=Red&page=5
2025-05-05 18:13:12,084 - colour_matcher_logger - INFO - Scraping LoveCrafts page 6: https://www.lovecrafts.com/en-gb/l/yarns?filter-colorGroup=Red&page=6
2025-05-05 18:13:13,536 - colour_matcher_logger - INFO - Scraping LoveCrafts page 7: https://www.lovecrafts.com/en-gb/l/yarns?filter-colorGroup=Red&page=7
2025-05-05 18:13:15,003 - colour_matcher_logger - INFO - Scraping LoveCrafts page 8: https://www.lovecrafts.com/en-gb/l/yarns?filter-colorGroup=Red&page=8
2025-05-05 18:13:16,183 - colour_matcher_logger - INFO - Scraping LoveCrafts page 9: https://www.lovecrafts.com/en-gb/l/yarns?filter-colorGroup=Red&page=9
2025-05-05 18:13:17,542 - colour_matcher_logger - INFO - Scraping LoveCrafts page 10: https://www.lovecrafts.com/en-gb/l/yarns?filter-colorGroup=Red&page=10
2025-05-05 18:16:41,971 - colour_matcher_logger - INFO - Scraping WoolWarehouse page 1: https://www.woolwarehouse.co.uk/yarn?colour_name=2000
2025-05-05 18:20:10,844 - colour_matcher_logger - INFO - Image uploaded: images_3.jpeg
2025-05-05 18:20:11,665 - colour_matcher_logger - INFO - Extracted RGB: (251, 25, 4)
2025-05-05 18:20:11,666 - colour_matcher_logger - INFO - Finding closest color for RGB: (251, 25, 4)
2025-05-05 18:20:11,666 - colour_matcher_logger - INFO - Matched closest colour name: Red
2025-05-05 18:20:11,666 - colour_matcher_logger - INFO - Scraping LoveCrafts page 1: https://www.lovecrafts.com/en-gb/l/yarns?filter-colorGroup=Red
2025-05-05 18:20:13,150 - colour_matcher_logger - INFO - Scraping LoveCrafts page 2: https://www.lovecrafts.com/en-gb/l/yarns?filter-colorGroup=Red&page=2
2025-05-05 18:20:14,446 - colour_matcher_logger - INFO - Scraping LoveCrafts page 3: https://www.lovecrafts.com/en-gb/l/yarns?filter-colorGroup=Red&page=3
2025-05-05 18:20:15,658 - colour_matcher_logger - INFO - Scraping LoveCrafts page 4: https://www.lovecrafts.com/en-gb/l/yarns?filter-colorGroup=Red&page=4
2025-05-05 18:20:17,432 - colour_matcher_logger - INFO - Scraping LoveCrafts page 5: https://www.lovecrafts.com/en-gb/l/yarns?filter-colorGroup=Red&page=5
2025-05-05 18:20:19,248 - colour_matcher_logger - INFO - Scraping LoveCrafts page 6: https://www.lovecrafts.com/en-gb/l/yarns?filter-colorGroup=Red&page=6
2025-05-05 18:20:20,616 - colour_matcher_logger - INFO - Scraping LoveCrafts page 7: https://www.lovecrafts.com/en-gb/l/yarns?filter-colorGroup=Red&page=7
2025-05-05 18:20:22,307 - colour_matcher_logger - INFO - Scraping LoveCrafts page 8: https://www.lovecrafts.com/en-gb/l/yarns?filter-colorGroup=Red&page=8
2025-05-05 18:20:23,694 - colour_matcher_logger - INFO - Scraping LoveCrafts page 9: https://www.lovecrafts.com/en-gb/l/yarns?filter-colorGroup=Red&page=9
2025-05-05 18:20:25,018 - colour_matcher_logger - INFO - Scraping LoveCrafts page 10: https://www.lovecrafts.com/en-gb/l/yarns?filter-colorGroup=Red&page=10
2025-05-05 18:23:43,284 - colour_matcher_logger - INFO - Scraping WoolWarehouse page 1: https://www.woolwarehouse.co.uk/yarn?colour_name=2000
2025-05-05 18:23:45,511 - colour_matcher_logger - INFO - Scraping WoolWarehouse page 2: https://www.woolwarehouse.co.uk/yarn?colour_name=2000&p=2
2025-05-05 18:23:46,512 - colour_matcher_logger - INFO - Scraping WoolWarehouse page 3: https://www.woolwarehouse.co.uk/yarn?colour_name=2000&p=3
2025-05-05 18:23:47,433 - colour_matcher_logger - INFO - Scraping WoolWarehouse page 4: https://www.woolwarehouse.co.uk/yarn?colour_name=2000&p=4
2025-05-05 18:23:48,465 - colour_matcher_logger - INFO - Scraping WoolWarehouse page 5: https://www.woolwarehouse.co.uk/yarn?colour_name=2000&p=5
2025-05-05 18:23:49,397 - colour_matcher_logger - INFO - Scraping WoolWarehouse page 6: https://www.woolwarehouse.co.uk/yarn?colour_name=2000&p=6
2025-05-05 18:23:50,626 - colour_matcher_logger - INFO - Scraping WoolWarehouse page 7: https://www.woolwarehouse.co.uk/yarn?colour_name=2000&p=7
2025-05-05 18:23:51,931 - colour_matcher_logger - INFO - Scraping WoolWarehouse page 8: https://www.woolwarehouse.co.uk/yarn?colour_name=2000&p=8
2025-05-05 18:23:52,858 - colour_matcher_logger - INFO - Scraping WoolWarehouse page 9: https://www.woolwarehouse.co.uk/yarn?colour_name=2000&p=9
2025-05-05 18:23:54,093 - colour_matcher_logger - INFO - Scraping WoolWarehouse page 10: https://www.woolwarehouse.co.uk/yarn?colour_name=2000&p=10
2025-05-05 18:23:57,319 - colour_matcher_logger - ERROR - Failed to fetch image from URL https://media/newicons/newicon.png: HTTPSConnectionPool(host='media', port=443): Max retries exceeded with url: /newicons/newicon.png (Caused by NameResolutionError("<urllib3.connection.HTTPSConnection object at 0x1182457c0>: Failed to resolve 'media' ([Errno 8] nodename nor servname provided, or not known)"))
2025-05-05 18:23:57,383 - colour_matcher_logger - ERROR - Failed to fetch image from URL https://media/newicons/newicon.png: HTTPSConnectionPool(host='media', port=443): Max retries exceeded with url: /newicons/newicon.png (Caused by NameResolutionError("<urllib3.connection.HTTPSConnection object at 0x1153f8fb0>: Failed to resolve 'media' ([Errno 8] nodename nor servname provided, or not known)"))
2025-05-05 18:23:57,390 - colour_matcher_logger - ERROR - Failed to fetch image from URL https://media/newicons/newicon.png: HTTPSConnectionPool(host='media', port=443): Max retries exceeded with url: /newicons/newicon.png (Caused by NameResolutionError("<urllib3.connection.HTTPSConnection object at 0x11904fef0>: Failed to resolve 'media' ([Errno 8] nodename nor servname provided, or not known)"))
2025-05-05 18:23:57,501 - colour_matcher_logger - ERROR - Failed to fetch image from URL https://media/newicons/newicon.png: HTTPSConnectionPool(host='media', port=443): Max retries exceeded with url: /newicons/newicon.png (Caused by NameResolutionError("<urllib3.connection.HTTPSConnection object at 0x1185fcce0>: Failed to resolve 'media' ([Errno 8] nodename nor servname provided, or not known)"))
2025-05-05 18:23:59,446 - colour_matcher_logger - ERROR - Failed to fetch image from URL https://media/newicons/newicon.png: HTTPSConnectionPool(host='media', port=443): Max retries exceeded with url: /newicons/newicon.png (Caused by NameResolutionError("<urllib3.connection.HTTPSConnection object at 0x1153f9fd0>: Failed to resolve 'media' ([Errno 8] nodename nor servname provided, or not known)"))
2025-05-05 18:24:02,032 - colour_matcher_logger - ERROR - Failed to fetch image from URL https://media/newicons/newicon.png: HTTPSConnectionPool(host='media', port=443): Max retries exceeded with url: /newicons/newicon.png (Caused by NameResolutionError("<urllib3.connection.HTTPSConnection object at 0x1185feb70>: Failed to resolve 'media' ([Errno 8] nodename nor servname provided, or not known)"))
2025-05-05 18:24:02,191 - colour_matcher_logger - ERROR - Failed to fetch image from URL https://media/newicons/newicon.png: HTTPSConnectionPool(host='media', port=443): Max retries exceeded with url: /newicons/newicon.png (Caused by NameResolutionError("<urllib3.connection.HTTPSConnection object at 0x1191e7530>: Failed to resolve 'media' ([Errno 8] nodename nor servname provided, or not known)"))
2025-05-05 18:24:02,436 - colour_matcher_logger - ERROR - Failed to fetch image from URL https://media/newicons/newicon.png: HTTPSConnectionPool(host='media', port=443): Max retries exceeded with url: /newicons/newicon.png (Caused by NameResolutionError("<urllib3.connection.HTTPSConnection object at 0x1191e6390>: Failed to resolve 'media' ([Errno 8] nodename nor servname provided, or not known)"))
2025-05-05 18:24:05,644 - colour_matcher_logger - ERROR - Failed to fetch image from URL https://media/newicons/newicon.png: HTTPSConnectionPool(host='media', port=443): Max retries exceeded with url: /newicons/newicon.png (Caused by NameResolutionError("<urllib3.connection.HTTPSConnection object at 0x1153fb4a0>: Failed to resolve 'media' ([Errno 8] nodename nor servname provided, or not known)"))
2025-05-05 18:24:08,397 - colour_matcher_logger - ERROR - Failed to fetch image from URL https://media/newicons/newicon.png: HTTPSConnectionPool(host='media', port=443): Max retries exceeded with url: /newicons/newicon.png (Caused by NameResolutionError("<urllib3.connection.HTTPSConnection object at 0x1191e76e0>: Failed to resolve 'media' ([Errno 8] nodename nor servname provided, or not known)"))
2025-05-05 18:24:08,596 - colour_matcher_logger - ERROR - Failed to fetch image from URL https://media/newicons/newicon.png: HTTPSConnectionPool(host='media', port=443): Max retries exceeded with url: /newicons/newicon.png (Caused by NameResolutionError("<urllib3.connection.HTTPSConnection object at 0x1191e4ec0>: Failed to resolve 'media' ([Errno 8] nodename nor servname provided, or not known)"))
2025-05-05 18:24:20,882 - colour_matcher_logger - ERROR - Failed to fetch image from URL https://media/newicons/newicon.png: HTTPSConnectionPool(host='media', port=443): Max retries exceeded with url: /newicons/newicon.png (Caused by NameResolutionError("<urllib3.connection.HTTPSConnection object at 0x1153f8f50>: Failed to resolve 'media' ([Errno 8] nodename nor servname provided, or not known)"))
2025-05-05 18:24:23,693 - colour_matcher_logger - ERROR - Failed to fetch image from URL https://media/newicons/newicon.png: HTTPSConnectionPool(host='media', port=443): Max retries exceeded with url: /newicons/newicon.png (Caused by NameResolutionError("<urllib3.connection.HTTPSConnection object at 0x11904f410>: Failed to resolve 'media' ([Errno 8] nodename nor servname provided, or not known)"))
2025-05-05 18:24:26,805 - colour_matcher_logger - INFO - Total yarns scraped: 779
2025-05-05 18:24:26,805 - colour_matcher_logger - INFO - Finding closest color for RGB: (251, 25, 4)
2025-05-05 18:35:34,178 - colour_matcher_logger - INFO - Image uploaded: images_3.jpeg
2025-05-05 18:35:35,087 - colour_matcher_logger - INFO - Extracted RGB: (251, 25, 4)
2025-05-05 18:35:35,087 - colour_matcher_logger - INFO - Finding closest color for RGB: (251, 25, 4)
2025-05-05 18:35:35,088 - colour_matcher_logger - INFO - closest colour name: Red
2025-05-05 18:35:35,088 - colour_matcher_logger - INFO - Scraping LoveCrafts page 1: https://www.lovecrafts.com/en-gb/l/yarns?filter-colorGroup=Red
2025-05-05 18:35:36,618 - colour_matcher_logger - INFO - Scraping LoveCrafts page 2: https://www.lovecrafts.com/en-gb/l/yarns?filter-colorGroup=Red&page=2
2025-05-05 18:35:38,378 - colour_matcher_logger - INFO - Scraping LoveCrafts page 3: https://www.lovecrafts.com/en-gb/l/yarns?filter-colorGroup=Red&page=3
2025-05-05 18:35:40,195 - colour_matcher_logger - INFO - Scraping LoveCrafts page 4: https://www.lovecrafts.com/en-gb/l/yarns?filter-colorGroup=Red&page=4
2025-05-05 18:35:41,582 - colour_matcher_logger - INFO - Scraping LoveCrafts page 5: https://www.lovecrafts.com/en-gb/l/yarns?filter-colorGroup=Red&page=5
2025-05-05 18:35:42,750 - colour_matcher_logger - INFO - Scraping LoveCrafts page 6: https://www.lovecrafts.com/en-gb/l/yarns?filter-colorGroup=Red&page=6
2025-05-05 18:35:43,824 - colour_matcher_logger - INFO - Scraping LoveCrafts page 7: https://www.lovecrafts.com/en-gb/l/yarns?filter-colorGroup=Red&page=7
2025-05-05 18:35:45,240 - colour_matcher_logger - INFO - Scraping LoveCrafts page 8: https://www.lovecrafts.com/en-gb/l/yarns?filter-colorGroup=Red&page=8
2025-05-05 18:35:46,702 - colour_matcher_logger - INFO - Scraping LoveCrafts page 9: https://www.lovecrafts.com/en-gb/l/yarns?filter-colorGroup=Red&page=9
2025-05-05 18:35:47,733 - colour_matcher_logger - INFO - Scraping LoveCrafts page 10: https://www.lovecrafts.com/en-gb/l/yarns?filter-colorGroup=Red&page=10
2025-05-05 18:38:58,353 - colour_matcher_logger - INFO - Scraping WoolWarehouse page 1: https://www.woolwarehouse.co.uk/yarn?colour_name=2000
2025-05-05 18:39:00,042 - colour_matcher_logger - INFO - Scraping WoolWarehouse page 2: https://www.woolwarehouse.co.uk/yarn?colour_name=2000&p=2
2025-05-05 18:39:01,090 - colour_matcher_logger - INFO - Scraping WoolWarehouse page 3: https://www.woolwarehouse.co.uk/yarn?colour_name=2000&p=3
2025-05-05 18:39:02,134 - colour_matcher_logger - INFO - Scraping WoolWarehouse page 4: https://www.woolwarehouse.co.uk/yarn?colour_name=2000&p=4
2025-05-05 18:39:03,232 - colour_matcher_logger - INFO - Scraping WoolWarehouse page 5: https://www.woolwarehouse.co.uk/yarn?colour_name=2000&p=5
2025-05-05 18:39:04,292 - colour_matcher_logger - INFO - Scraping WoolWarehouse page 6: https://www.woolwarehouse.co.uk/yarn?colour_name=2000&p=6
2025-05-05 18:39:05,322 - colour_matcher_logger - INFO - Scraping WoolWarehouse page 7: https://www.woolwarehouse.co.uk/yarn?colour_name=2000&p=7
2025-05-05 18:39:06,874 - colour_matcher_logger - INFO - Scraping WoolWarehouse page 8: https://www.woolwarehouse.co.uk/yarn?colour_name=2000&p=8
2025-05-05 18:39:08,032 - colour_matcher_logger - INFO - Scraping WoolWarehouse page 9: https://www.woolwarehouse.co.uk/yarn?colour_name=2000&p=9
2025-05-05 18:39:08,955 - colour_matcher_logger - INFO - Scraping WoolWarehouse page 10: https://www.woolwarehouse.co.uk/yarn?colour_name=2000&p=10
2025-05-05 18:39:12,737 - colour_matcher_logger - ERROR - couldn't get img: https://media/newicons/newicon.png: HTTPSConnectionPool(host='media', port=443): Max retries exceeded with url: /newicons/newicon.png (Caused by NameResolutionError("<urllib3.connection.HTTPSConnection object at 0x10f4e5c40>: Failed to resolve 'media' ([Errno 8] nodename nor servname provided, or not known)"))
2025-05-05 18:39:12,842 - colour_matcher_logger - ERROR - couldn't get img: https://media/newicons/newicon.png: HTTPSConnectionPool(host='media', port=443): Max retries exceeded with url: /newicons/newicon.png (Caused by NameResolutionError("<urllib3.connection.HTTPSConnection object at 0x10f4e6960>: Failed to resolve 'media' ([Errno 8] nodename nor servname provided, or not known)"))
2025-05-05 18:39:13,020 - colour_matcher_logger - ERROR - couldn't get img: https://media/newicons/newicon.png: HTTPSConnectionPool(host='media', port=443): Max retries exceeded with url: /newicons/newicon.png (Caused by NameResolutionError("<urllib3.connection.HTTPSConnection object at 0x1130e5e80>: Failed to resolve 'media' ([Errno 8] nodename nor servname provided, or not known)"))
2025-05-05 18:39:13,157 - colour_matcher_logger - ERROR - couldn't get img: https://media/newicons/newicon.png: HTTPSConnectionPool(host='media', port=443): Max retries exceeded with url: /newicons/newicon.png (Caused by NameResolutionError("<urllib3.connection.HTTPSConnection object at 0x10f4e5400>: Failed to resolve 'media' ([Errno 8] nodename nor servname provided, or not known)"))
2025-05-05 18:39:15,491 - colour_matcher_logger - ERROR - couldn't get img: https://media/newicons/newicon.png: HTTPSConnectionPool(host='media', port=443): Max retries exceeded with url: /newicons/newicon.png (Caused by NameResolutionError("<urllib3.connection.HTTPSConnection object at 0x10f4e5850>: Failed to resolve 'media' ([Errno 8] nodename nor servname provided, or not known)"))
2025-05-05 18:39:18,130 - colour_matcher_logger - ERROR - couldn't get img: https://media/newicons/newicon.png: HTTPSConnectionPool(host='media', port=443): Max retries exceeded with url: /newicons/newicon.png (Caused by NameResolutionError("<urllib3.connection.HTTPSConnection object at 0x113087d70>: Failed to resolve 'media' ([Errno 8] nodename nor servname provided, or not known)"))
2025-05-05 18:39:18,372 - colour_matcher_logger - ERROR - couldn't get img: https://media/newicons/newicon.png: HTTPSConnectionPool(host='media', port=443): Max retries exceeded with url: /newicons/newicon.png (Caused by NameResolutionError("<urllib3.connection.HTTPSConnection object at 0x112210710>: Failed to resolve 'media' ([Errno 8] nodename nor servname provided, or not known)"))
2025-05-05 18:39:18,805 - colour_matcher_logger - ERROR - couldn't get img: https://media/newicons/newicon.png: HTTPSConnectionPool(host='media', port=443): Max retries exceeded with url: /newicons/newicon.png (Caused by NameResolutionError("<urllib3.connection.HTTPSConnection object at 0x1130e4c20>: Failed to resolve 'media' ([Errno 8] nodename nor servname provided, or not known)"))
2025-05-05 18:39:22,007 - colour_matcher_logger - ERROR - couldn't get img: https://media/newicons/newicon.png: HTTPSConnectionPool(host='media', port=443): Max retries exceeded with url: /newicons/newicon.png (Caused by NameResolutionError("<urllib3.connection.HTTPSConnection object at 0x1130e7350>: Failed to resolve 'media' ([Errno 8] nodename nor servname provided, or not known)"))
2025-05-05 18:39:25,121 - colour_matcher_logger - ERROR - couldn't get img: https://media/newicons/newicon.png: HTTPSConnectionPool(host='media', port=443): Max retries exceeded with url: /newicons/newicon.png (Caused by NameResolutionError("<urllib3.connection.HTTPSConnection object at 0x112213f50>: Failed to resolve 'media' ([Errno 8] nodename nor servname provided, or not known)"))
2025-05-05 18:39:25,323 - colour_matcher_logger - ERROR - couldn't get img: https://media/newicons/newicon.png: HTTPSConnectionPool(host='media', port=443): Max retries exceeded with url: /newicons/newicon.png (Caused by NameResolutionError("<urllib3.connection.HTTPSConnection object at 0x10f4e74a0>: Failed to resolve 'media' ([Errno 8] nodename nor servname provided, or not known)"))
2025-05-05 18:39:39,362 - colour_matcher_logger - ERROR - couldn't get img: https://media/newicons/newicon.png: HTTPSConnectionPool(host='media', port=443): Max retries exceeded with url: /newicons/newicon.png (Caused by NameResolutionError("<urllib3.connection.HTTPSConnection object at 0x112a2db20>: Failed to resolve 'media' ([Errno 8] nodename nor servname provided, or not known)"))
2025-05-05 18:39:42,444 - colour_matcher_logger - ERROR - couldn't get img: https://media/newicons/newicon.png: HTTPSConnectionPool(host='media', port=443): Max retries exceeded with url: /newicons/newicon.png (Caused by NameResolutionError("<urllib3.connection.HTTPSConnection object at 0x1122c45c0>: Failed to resolve 'media' ([Errno 8] nodename nor servname provided, or not known)"))
